NAVIGATOR-main/NAVIGATOR/Library/Bee/Android/Prj/Mono2x/Gradle/launcher/build/intermediates/manifest_merge_blame_file/release/manifest-merger-blame-release-report.txt
1<?xml version="1.0" encoding="utf-8"?>
2<manifest xmlns:android="http://schemas.android.com/apk/res/android"
3    package="com.DefaultCompany.NAVIGATOR"
4    android:installLocation="preferExternal"
5    android:versionCode="1"
6    android:versionName="0.1" >
7
8    <uses-sdk
9        android:minSdkVersion="22"
9-->src\main\AndroidManifest.xml
10        android:targetSdkVersion="30" />
10-->src\main\AndroidManifest.xml
11
12    <supports-screens
12-->src\main\AndroidManifest.xml:3:3-163
13        android:anyDensity="true"
13-->src\main\AndroidManifest.xml:3:135-160
14        android:largeScreens="true"
14-->src\main\AndroidManifest.xml:3:78-105
15        android:normalScreens="true"
15-->src\main\AndroidManifest.xml:3:49-77
16        android:smallScreens="true"
16-->src\main\AndroidManifest.xml:3:21-48
17        android:xlargeScreens="true" />
17-->src\main\AndroidManifest.xml:3:106-134
18
19    <uses-feature android:glEsVersion="0x00030000" />
19-->[:unityLibrary] AndroidManifest.xml:12:5-54
19-->[:unityLibrary] AndroidManifest.xml:12:19-51
20    <uses-feature
20-->[:unityLibrary] AndroidManifest.xml:13:5-15:36
21        android:name="android.hardware.vulkan.version"
21-->[:unityLibrary] AndroidManifest.xml:14:9-55
22        android:required="false" />
22-->[:unityLibrary] AndroidManifest.xml:15:9-33
23
24    <uses-permission android:name="android.permission.ACCESS_FINE_LOCATION" />
24-->[:unityLibrary] AndroidManifest.xml:17:5-79
24-->[:unityLibrary] AndroidManifest.xml:17:22-76
25
26    <uses-feature
26-->[:unityLibrary] AndroidManifest.xml:19:5-21:36
27        android:name="android.hardware.location.gps"
27-->[:unityLibrary] AndroidManifest.xml:20:9-53
28        android:required="false" />
28-->[:unityLibrary] AndroidManifest.xml:21:9-33
29    <uses-feature
29-->[:unityLibrary] AndroidManifest.xml:22:5-24:36
30        android:name="android.hardware.location"
30-->[:unityLibrary] AndroidManifest.xml:23:9-49
31        android:required="false" />
31-->[:unityLibrary] AndroidManifest.xml:24:9-33
32
33    <uses-permission android:name="android.permission.CAMERA" />
33-->[:unityLibrary] AndroidManifest.xml:26:5-65
33-->[:unityLibrary] AndroidManifest.xml:26:22-62
34
35    <uses-feature
35-->[:unityLibrary] AndroidManifest.xml:28:5-30:36
36        android:name="android.hardware.camera"
36-->[:unityLibrary] AndroidManifest.xml:29:9-47
37        android:required="false" />
37-->[:unityLibrary] AndroidManifest.xml:30:9-33
38    <uses-feature
38-->[:unityLibrary] AndroidManifest.xml:31:5-33:36
39        android:name="android.hardware.camera.autofocus"
39-->[:unityLibrary] AndroidManifest.xml:32:9-57
40        android:required="false" />
40-->[:unityLibrary] AndroidManifest.xml:33:9-33
41    <uses-feature
41-->[:unityLibrary] AndroidManifest.xml:34:5-36:36
42        android:name="android.hardware.camera.front"
42-->[:unityLibrary] AndroidManifest.xml:35:9-53
43        android:required="false" />
43-->[:unityLibrary] AndroidManifest.xml:36:9-33
44    <uses-feature
44-->[:unityLibrary] AndroidManifest.xml:37:5-39:36
45        android:name="android.hardware.touchscreen"
45-->[:unityLibrary] AndroidManifest.xml:38:9-52
46        android:required="false" />
46-->[:unityLibrary] AndroidManifest.xml:39:9-33
47    <uses-feature
47-->[:unityLibrary] AndroidManifest.xml:40:5-42:36
48        android:name="android.hardware.touchscreen.multitouch"
48-->[:unityLibrary] AndroidManifest.xml:41:9-63
49        android:required="false" />
49-->[:unityLibrary] AndroidManifest.xml:42:9-33
50    <uses-feature
50-->[:unityLibrary] AndroidManifest.xml:43:5-45:36
51        android:name="android.hardware.touchscreen.multitouch.distinct"
51-->[:unityLibrary] AndroidManifest.xml:44:9-72
52        android:required="false" />
52-->[:unityLibrary] AndroidManifest.xml:45:9-33
53
54    <application
54-->src\main\AndroidManifest.xml:4:3-83
55        android:extractNativeLibs="true"
55-->[:unityLibrary] AndroidManifest.xml:47:18-50
56        android:icon="@mipmap/app_icon"
56-->src\main\AndroidManifest.xml:4:49-80
57        android:label="@string/app_name" >
57-->src\main\AndroidManifest.xml:4:16-48
58        <activity
58-->[:unityLibrary] AndroidManifest.xml:48:9-68:20
59            android:name="com.unity3d.player.UnityPlayerActivity"
59-->[:unityLibrary] AndroidManifest.xml:49:13-66
60            android:configChanges="mcc|mnc|locale|touchscreen|keyboard|keyboardHidden|navigation|orientation|screenLayout|uiMode|screenSize|smallestScreenSize|fontScale|layoutDirection|density"
60-->[:unityLibrary] AndroidManifest.xml:50:13-194
61            android:hardwareAccelerated="false"
61-->[:unityLibrary] AndroidManifest.xml:51:13-48
62            android:launchMode="singleTask"
62-->[:unityLibrary] AndroidManifest.xml:52:13-44
63            android:resizeableActivity="false"
63-->[:unityLibrary] AndroidManifest.xml:53:13-47
64            android:screenOrientation="fullUser"
64-->[:unityLibrary] AndroidManifest.xml:54:13-49
65            android:theme="@style/UnityThemeSelector" >
65-->[:unityLibrary] AndroidManifest.xml:55:13-54
66            <intent-filter>
66-->[:unityLibrary] AndroidManifest.xml:56:13-60:29
67                <action android:name="android.intent.action.MAIN" />
67-->[:unityLibrary] AndroidManifest.xml:57:17-69
67-->[:unityLibrary] AndroidManifest.xml:57:25-66
68
69                <category android:name="android.intent.category.LAUNCHER" />
69-->[:unityLibrary] AndroidManifest.xml:59:17-77
69-->[:unityLibrary] AndroidManifest.xml:59:27-74
70            </intent-filter>
71
72            <meta-data
72-->[:unityLibrary] AndroidManifest.xml:62:13-64:40
73                android:name="unityplayer.UnityActivity"
73-->[:unityLibrary] AndroidManifest.xml:63:17-57
74                android:value="true" />
74-->[:unityLibrary] AndroidManifest.xml:64:17-37
75            <meta-data
75-->[:unityLibrary] AndroidManifest.xml:65:13-67:40
76                android:name="android.notch_support"
76-->[:unityLibrary] AndroidManifest.xml:66:17-53
77                android:value="true" />
77-->[:unityLibrary] AndroidManifest.xml:67:17-37
78        </activity>
79
80        <meta-data
80-->[:unityLibrary] AndroidManifest.xml:70:9-72:33
81            android:name="unity.splash-mode"
81-->[:unityLibrary] AndroidManifest.xml:71:13-45
82            android:value="0" />
82-->[:unityLibrary] AndroidManifest.xml:72:13-30
83        <meta-data
83-->[:unityLibrary] AndroidManifest.xml:73:9-75:36
84            android:name="unity.splash-enable"
84-->[:unityLibrary] AndroidManifest.xml:74:13-47
85            android:value="True" />
85-->[:unityLibrary] AndroidManifest.xml:75:13-33
86        <meta-data
86-->[:unityLibrary] AndroidManifest.xml:76:9-78:36
87            android:name="unity.launch-fullscreen"
87-->[:unityLibrary] AndroidManifest.xml:77:13-51
88            android:value="True" />
88-->[:unityLibrary] AndroidManifest.xml:78:13-33
89        <meta-data
89-->[:unityLibrary] AndroidManifest.xml:79:9-81:37
90            android:name="unity.allow-resizable-window"
90-->[:unityLibrary] AndroidManifest.xml:80:13-56
91            android:value="False" />
91-->[:unityLibrary] AndroidManifest.xml:81:13-34
92        <meta-data
92-->[:unityLibrary] AndroidManifest.xml:82:9-84:50
93            android:name="notch.config"
93-->[:unityLibrary] AndroidManifest.xml:83:13-40
94            android:value="portrait|landscape" />
94-->[:unityLibrary] AndroidManifest.xml:84:13-47
95        <meta-data
95-->[:unityLibrary] AndroidManifest.xml:85:9-87:36
96            android:name="unity.auto-report-fully-drawn"
96-->[:unityLibrary] AndroidManifest.xml:86:13-57
97            android:value="true" />
97-->[:unityLibrary] AndroidManifest.xml:87:13-33
98    </application>
99
100</manifest>